<?xml version="1.0" encoding="UTF-8"?>
<testsuite xmlns:xsi="http://www.w3.org/2001/XMLSchema-instance" xsi:noNamespaceSchemaLocation="https://maven.apache.org/surefire/maven-surefire-plugin/xsd/surefire-test-report-3.0.xsd" version="3.0" name="com.carlosbrrs.productservice.ProductServiceApplicationTests" time="17.08" tests="2" errors="0" skipped="0" failures="0">
  <properties>
[...]
</properties>
  <testcase name="shouldGetListOfProducts" classname="com.carlosbrrs.productservice.ProductServiceApplicationTests" time="1.982">
    <system-out><![CDATA[19:59:36.468 [main] INFO org.springframework.test.context.support.AnnotationConfigContextLoaderUtils -- Could not detect default configuration classes for test class [com.carlosbrrs.productservice.ProductServiceApplicationTests]: ProductServiceApplicationTests does not declare any static, non-private, non-final, nested classes annotated with @Configuration.
19:59:36.936 [main] INFO org.springframework.boot.test.context.SpringBootTestContextBootstrapper -- Found @SpringBootConfiguration com.carlosbrrs.productservice.ProductServiceApplication for test class com.carlosbrrs.productservice.ProductServiceApplicationTests
19:59:37.317 [main] INFO org.testcontainers.images.PullPolicy -- Image pull policy will be performed by: DefaultPullPolicy()
19:59:37.325 [main] INFO org.testcontainers.utility.ImageNameSubstitutor -- Image name substitution will be performed by: DefaultImageNameSubstitutor (composite of 'ConfigurationFileImageNameSubstitutor' and 'PrefixingImageNameSubstitutor')
19:59:37.891 [main] INFO org.testcontainers.dockerclient.DockerClientProviderStrategy -- Loaded org.testcontainers.dockerclient.NpipeSocketClientProviderStrategy from ~/.testcontainers.properties, will try it first
19:59:38.550 [main] INFO org.testcontainers.dockerclient.DockerClientProviderStrategy -- Found Docker environment with local Npipe socket (npipe:////./pipe/docker_engine)
19:59:38.554 [main] INFO org.testcontainers.DockerClientFactory -- Docker host IP address is localhost
19:59:38.597 [main] INFO org.testcontainers.DockerClientFactory -- Connected to docker: 
  Server Version: 24.0.2
  API Version: 1.43
  Operating System: Docker Desktop
  Total Memory: 7802 MB
19:59:38.659 [main] INFO tc.testcontainers/ryuk:0.5.1 -- Creating container for image: testcontainers/ryuk:0.5.1
19:59:39.209 [main] INFO tc.testcontainers/ryuk:0.5.1 -- Container testcontainers/ryuk:0.5.1 is starting: d419182a58f83e2887634ee965743c2afd58019478e36770d1b5767e44edcf2b
19:59:40.932 [main] INFO tc.testcontainers/ryuk:0.5.1 -- Container testcontainers/ryuk:0.5.1 started in PT2.2730062S
19:59:40.966 [main] INFO org.testcontainers.utility.RyukResourceReaper -- Ryuk started - will monitor and terminate Testcontainers containers on JVM exit
19:59:40.966 [main] INFO org.testcontainers.DockerClientFactory -- Checking the system...
19:59:40.967 [main] INFO org.testcontainers.DockerClientFactory -- ?? Docker server version should be at least 1.6.0
19:59:40.968 [main] INFO tc.mongo:4.4.2 -- Creating container for image: mongo:4.4.2
19:59:41.119 [main] INFO tc.mongo:4.4.2 -- Container mongo:4.4.2 is starting: f7a87548950a389cbe81717752b1e9ca799edd70ec4c63038df7e508ae565b8c
19:59:44.068 [main] INFO tc.mongo:4.4.2 -- Container mongo:4.4.2 started in PT3.1000947S

  .   ____          _            __ _ _
 /\\ / ___'_ __ _ _(_)_ __  __ _ \ \ \ \
( ( )\___ | '_ | '_| | '_ \/ _` | \ \ \ \
 \\/  ___)| |_)| | | | | || (_| |  ) ) ) )
  '  |____| .__|_| |_|_| |_\__, | / / / /
 =========|_|==============|___/=/_/_/_/
 :: Spring Boot ::                (v3.2.0)

2023-12-14T19:59:45.714-05:00  INFO 22092 --- [           main] c.c.p.ProductServiceApplicationTests     : Starting ProductServiceApplicationTests using Java 17.0.6 with PID 22092 (started by WINDOWS in C:\Users\WINDOWS\Desktop\self-study\orders-project\microservices-parent\product-service)
2023-12-14T19:59:45.715-05:00  INFO 22092 --- [           main] c.c.p.ProductServiceApplicationTests     : No active profile set, falling back to 1 default profile: "default"
2023-12-14T19:59:47.045-05:00  INFO 22092 --- [           main] .s.d.r.c.RepositoryConfigurationDelegate : Bootstrapping Spring Data MongoDB repositories in DEFAULT mode.
2023-12-14T19:59:47.180-05:00  INFO 22092 --- [           main] .s.d.r.c.RepositoryConfigurationDelegate : Finished Spring Data repository scanning in 124 ms. Found 1 MongoDB repository interface.
2023-12-14T19:59:48.337-05:00  INFO 22092 --- [           main] org.mongodb.driver.client                : MongoClient with metadata {"driver": {"name": "mongo-java-driver|sync|spring-boot", "version": "4.11.1"}, "os": {"type": "Windows", "name": "Windows 11", "architecture": "amd64", "version": "10.0"}, "platform": "Java/Oracle Corporation/17.0.6+9-LTS-190"} created with settings MongoClientSettings{readPreference=primary, writeConcern=WriteConcern{w=null, wTimeout=null ms, journal=null}, retryWrites=true, retryReads=true, readConcern=ReadConcern{level=null}, credential=null, transportSettings=null, streamFactoryFactory=null, commandListeners=[], codecRegistry=ProvidersCodecRegistry{codecProviders=[ValueCodecProvider{}, BsonValueCodecProvider{}, DBRefCodecProvider{}, DBObjectCodecProvider{}, DocumentCodecProvider{}, CollectionCodecProvider{}, IterableCodecProvider{}, MapCodecProvider{}, GeoJsonCodecProvider{}, GridFSFileCodecProvider{}, Jsr310CodecProvider{}, JsonObjectCodecProvider{}, BsonCodecProvider{}, EnumCodecProvider{}, com.mongodb.client.model.mql.ExpressionCodecProvider@4cb00fa5, com.mongodb.Jep395RecordCodecProvider@13aed42b, com.mongodb.KotlinCodecProvider@698d6d30]}, loggerSettings=LoggerSettings{maxDocumentLength=1000}, clusterSettings={hosts=[localhost:55206], srvServiceName=mongodb, mode=SINGLE, requiredClusterType=UNKNOWN, requiredReplicaSetName='null', serverSelector='null', clusterListeners='[]', serverSelectionTimeout='30000 ms', localThreshold='15 ms'}, socketSettings=SocketSettings{connectTimeoutMS=10000, readTimeoutMS=0, receiveBufferSize=0, proxySettings=ProxySettings{host=null, port=null, username=null, password=null}}, heartbeatSocketSettings=SocketSettings{connectTimeoutMS=10000, readTimeoutMS=10000, receiveBufferSize=0, proxySettings=ProxySettings{host=null, port=null, username=null, password=null}}, connectionPoolSettings=ConnectionPoolSettings{maxSize=100, minSize=0, maxWaitTimeMS=120000, maxConnectionLifeTimeMS=0, maxConnectionIdleTimeMS=0, maintenanceInitialDelayMS=0, maintenanceFrequencyMS=60000, connectionPoolListeners=[], maxConnecting=2}, serverSettings=ServerSettings{heartbeatFrequencyMS=10000, minHeartbeatFrequencyMS=500, serverListeners='[]', serverMonitorListeners='[]'}, sslSettings=SslSettings{enabled=false, invalidHostNameAllowed=false, context=null}, applicationName='null', compressorList=[], uuidRepresentation=JAVA_LEGACY, serverApi=null, autoEncryptionSettings=null, dnsClient=null, inetAddressResolver=null, contextProvider=null}
2023-12-14T19:59:48.372-05:00  INFO 22092 --- [localhost:55206] org.mongodb.driver.cluster               : Monitor thread successfully connected to server with description ServerDescription{address=localhost:55206, type=REPLICA_SET_PRIMARY, state=CONNECTED, ok=true, minWireVersion=0, maxWireVersion=9, maxDocumentSize=16777216, logicalSessionTimeoutMinutes=30, roundTripTimeNanos=43032300, setName='docker-rs', canonicalAddress=f7a87548950a:27017, hosts=[f7a87548950a:27017], passives=[], arbiters=[], primary='f7a87548950a:27017', tagSet=TagSet{[]}, electionId=7fffffff0000000000000001, setVersion=1, topologyVersion=TopologyVersion{processId=657ba4fe0072e5f103c432e6, counter=6}, lastWriteDate=Thu Dec 14 19:59:44 EST 2023, lastUpdateTimeNanos=1525484967895600}
2023-12-14T19:59:50.111-05:00  INFO 22092 --- [           main] o.s.b.t.m.w.SpringBootMockServletContext : Initializing Spring TestDispatcherServlet ''
2023-12-14T19:59:50.111-05:00  INFO 22092 --- [           main] o.s.t.web.servlet.TestDispatcherServlet  : Initializing Servlet ''
2023-12-14T19:59:50.123-05:00  INFO 22092 --- [           main] o.s.t.web.servlet.TestDispatcherServlet  : Completed initialization in 3 ms
2023-12-14T19:59:50.176-05:00  INFO 22092 --- [           main] c.c.p.ProductServiceApplicationTests     : Started ProductServiceApplicationTests in 5.084 seconds (process running for 15.431)
]]></system-out>
  </testcase>
  <testcase name="shouldCreateProduct" classname="com.carlosbrrs.productservice.ProductServiceApplicationTests" time="0.111">
    <system-out><![CDATA[2023-12-14T19:59:52.318-05:00  INFO 22092 --- [           main] c.c.p.service.ProductService             : Product 657ba508c773056dec0fe1b1 saved successfully
]]></system-out>
  </testcase>
</testsuite>